<?xml version="1.0" encoding="UTF-8"?>
<testsuites>
  <testsuite name="" tests="17" assertions="34" errors="0" warnings="0" failures="0" skipped="0" time="0.061536">
    <testsuite name="Project Test Suite" tests="17" assertions="34" errors="0" warnings="0" failures="0" skipped="0" time="0.061536">
      <testsuite name="App\Card\CardGraphicTest" file="/Users/jockesjolin/dbwebb-kurser/mvc/me/report/tests/Card/CardGraphicTest.php" tests="1" assertions="3" errors="0" warnings="0" failures="0" skipped="0" time="0.021963">
        <testcase name="testCreateObjectWithArguments" class="App\Card\CardGraphicTest" classname="App.Card.CardGraphicTest" file="/Users/jockesjolin/dbwebb-kurser/mvc/me/report/tests/Card/CardGraphicTest.php" line="15" assertions="3" time="0.021963"/>
      </testsuite>
      <testsuite name="App\Card\CardTest" file="/Users/jockesjolin/dbwebb-kurser/mvc/me/report/tests/Card/CardTest.php" tests="1" assertions="2" errors="0" warnings="0" failures="0" skipped="0" time="0.000754">
        <testcase name="testCreateObjectWithArguments" class="App\Card\CardTest" classname="App.Card.CardTest" file="/Users/jockesjolin/dbwebb-kurser/mvc/me/report/tests/Card/CardTest.php" line="15" assertions="2" time="0.000754"/>
      </testsuite>
      <testsuite name="App\Card\DeckOfCardsTest" file="/Users/jockesjolin/dbwebb-kurser/mvc/me/report/tests/Card/DeckOfCardsTest.php" tests="6" assertions="14" errors="0" warnings="0" failures="0" skipped="0" time="0.021645">
        <testcase name="testCreateObject" class="App\Card\DeckOfCardsTest" classname="App.Card.DeckOfCardsTest" file="/Users/jockesjolin/dbwebb-kurser/mvc/me/report/tests/Card/DeckOfCardsTest.php" line="12" assertions="2" time="0.002307"/>
        <testcase name="testDrawCards" class="App\Card\DeckOfCardsTest" classname="App.Card.DeckOfCardsTest" file="/Users/jockesjolin/dbwebb-kurser/mvc/me/report/tests/Card/DeckOfCardsTest.php" line="23" assertions="3" time="0.001339"/>
        <testcase name="testDrawCardsOverLimit" class="App\Card\DeckOfCardsTest" classname="App.Card.DeckOfCardsTest" file="/Users/jockesjolin/dbwebb-kurser/mvc/me/report/tests/Card/DeckOfCardsTest.php" line="34" assertions="3" time="0.001625"/>
        <testcase name="testDrawCard" class="App\Card\DeckOfCardsTest" classname="App.Card.DeckOfCardsTest" file="/Users/jockesjolin/dbwebb-kurser/mvc/me/report/tests/Card/DeckOfCardsTest.php" line="45" assertions="2" time="0.002018"/>
        <testcase name="testGetCardStrings" class="App\Card\DeckOfCardsTest" classname="App.Card.DeckOfCardsTest" file="/Users/jockesjolin/dbwebb-kurser/mvc/me/report/tests/Card/DeckOfCardsTest.php" line="55" assertions="2" time="0.001484"/>
        <testcase name="testShuffleAndSortCards" class="App\Card\DeckOfCardsTest" classname="App.Card.DeckOfCardsTest" file="/Users/jockesjolin/dbwebb-kurser/mvc/me/report/tests/Card/DeckOfCardsTest.php" line="70" assertions="2" time="0.012873"/>
      </testsuite>
      <testsuite name="App\Game\GameTest" file="/Users/jockesjolin/dbwebb-kurser/mvc/me/report/tests/Game/GameTest.php" tests="4" assertions="9" errors="0" warnings="0" failures="0" skipped="0" time="0.008760">
        <testcase name="testCreateObject" class="App\Game\GameTest" classname="App.Game.GameTest" file="/Users/jockesjolin/dbwebb-kurser/mvc/me/report/tests/Game/GameTest.php" line="14" assertions="2" time="0.003090"/>
        <testcase name="testGetPlayerStrings" class="App\Game\GameTest" classname="App.Game.GameTest" file="/Users/jockesjolin/dbwebb-kurser/mvc/me/report/tests/Game/GameTest.php" line="26" assertions="1" time="0.001657"/>
        <testcase name="testSetActivePlayer" class="App\Game\GameTest" classname="App.Game.GameTest" file="/Users/jockesjolin/dbwebb-kurser/mvc/me/report/tests/Game/GameTest.php" line="61" assertions="3" time="0.002520"/>
        <testcase name="testGetWinningPlayer" class="App\Game\GameTest" classname="App.Game.GameTest" file="/Users/jockesjolin/dbwebb-kurser/mvc/me/report/tests/Game/GameTest.php" line="80" assertions="3" time="0.001493"/>
      </testsuite>
      <testsuite name="App\Game\PlayerTest" file="/Users/jockesjolin/dbwebb-kurser/mvc/me/report/tests/Game/PlayerTest.php" tests="5" assertions="6" errors="0" warnings="0" failures="0" skipped="0" time="0.008413">
        <testcase name="testCreateObjectWithName" class="App\Game\PlayerTest" classname="App.Game.PlayerTest" file="/Users/jockesjolin/dbwebb-kurser/mvc/me/report/tests/Game/PlayerTest.php" line="14" assertions="2" time="0.000736"/>
        <testcase name="testGetAsString" class="App\Game\PlayerTest" classname="App.Game.PlayerTest" file="/Users/jockesjolin/dbwebb-kurser/mvc/me/report/tests/Game/PlayerTest.php" line="32" assertions="1" time="0.002656"/>
        <testcase name="testGetScores" class="App\Game\PlayerTest" classname="App.Game.PlayerTest" file="/Users/jockesjolin/dbwebb-kurser/mvc/me/report/tests/Game/PlayerTest.php" line="56" assertions="1" time="0.001559"/>
        <testcase name="testGetBestScore" class="App\Game\PlayerTest" classname="App.Game.PlayerTest" file="/Users/jockesjolin/dbwebb-kurser/mvc/me/report/tests/Game/PlayerTest.php" line="75" assertions="1" time="0.001886"/>
        <testcase name="testGetLowestScore" class="App\Game\PlayerTest" classname="App.Game.PlayerTest" file="/Users/jockesjolin/dbwebb-kurser/mvc/me/report/tests/Game/PlayerTest.php" line="97" assertions="1" time="0.001577"/>
      </testsuite>
    </testsuite>
  </testsuite>
</testsuites>
